{"/home/jxffxjxke/northcoders/projects/PictureMe-BE/app.js": {"path":"/home/jxffxjxke/northcoders/projects/PictureMe-BE/app.js","statementMap":{"0":{"start":{"line":1,"column":16},"end":{"line":1,"column":34}},"1":{"start":{"line":2,"column":12},"end":{"line":2,"column":21}},"2":{"start":{"line":3,"column":13},"end":{"line":3,"column":28}},"3":{"start":{"line":4,"column":13},"end":{"line":4,"column":28}},"4":{"start":{"line":5,"column":19},"end":{"line":5,"column":39}},"5":{"start":{"line":6,"column":35},"end":{"line":6,"column":59}},"6":{"start":{"line":7,"column":17},"end":{"line":7,"column":44}},"7":{"start":{"line":9,"column":0},"end":{"line":9,"column":16}},"8":{"start":{"line":12,"column":19},"end":{"line":12,"column":41}},"9":{"start":{"line":13,"column":11},"end":{"line":13,"column":86}},"10":{"start":{"line":15,"column":14},"end":{"line":15,"column":16}},"11":{"start":{"line":16,"column":21},"end":{"line":16,"column":23}},"12":{"start":{"line":18,"column":0},"end":{"line":137,"column":3}},"13":{"start":{"line":20,"column":2},"end":{"line":20,"column":68}},"14":{"start":{"line":22,"column":15},"end":{"line":22,"column":43}},"15":{"start":{"line":24,"column":2},"end":{"line":31,"column":3}},"16":{"start":{"line":25,"column":4},"end":{"line":25,"column":27}},"17":{"start":{"line":26,"column":4},"end":{"line":26,"column":18}},"18":{"start":{"line":28,"column":4},"end":{"line":28,"column":26}},"19":{"start":{"line":29,"column":4},"end":{"line":29,"column":38}},"20":{"start":{"line":30,"column":4},"end":{"line":30,"column":27}},"21":{"start":{"line":40,"column":2},"end":{"line":42,"column":5}},"22":{"start":{"line":41,"column":4},"end":{"line":41,"column":23}},"23":{"start":{"line":44,"column":2},"end":{"line":52,"column":5}},"24":{"start":{"line":46,"column":20},"end":{"line":46,"column":70}},"25":{"start":{"line":47,"column":4},"end":{"line":47,"column":26}},"26":{"start":{"line":48,"column":4},"end":{"line":48,"column":24}},"27":{"start":{"line":49,"column":4},"end":{"line":49,"column":46}},"28":{"start":{"line":50,"column":4},"end":{"line":50,"column":25}},"29":{"start":{"line":51,"column":4},"end":{"line":51,"column":39}},"30":{"start":{"line":54,"column":2},"end":{"line":62,"column":5}},"31":{"start":{"line":55,"column":15},"end":{"line":55,"column":24}},"32":{"start":{"line":56,"column":4},"end":{"line":56,"column":25}},"33":{"start":{"line":57,"column":4},"end":{"line":57,"column":25}},"34":{"start":{"line":58,"column":20},"end":{"line":58,"column":70}},"35":{"start":{"line":59,"column":4},"end":{"line":59,"column":26}},"36":{"start":{"line":60,"column":4},"end":{"line":60,"column":49}},"37":{"start":{"line":61,"column":4},"end":{"line":61,"column":24}},"38":{"start":{"line":64,"column":2},"end":{"line":70,"column":5}},"39":{"start":{"line":66,"column":4},"end":{"line":66,"column":23}},"40":{"start":{"line":67,"column":4},"end":{"line":67,"column":31}},"41":{"start":{"line":68,"column":4},"end":{"line":68,"column":50}},"42":{"start":{"line":69,"column":4},"end":{"line":69,"column":71}},"43":{"start":{"line":72,"column":2},"end":{"line":89,"column":5}},"44":{"start":{"line":73,"column":4},"end":{"line":73,"column":25}},"45":{"start":{"line":74,"column":4},"end":{"line":74,"column":21}},"46":{"start":{"line":75,"column":4},"end":{"line":75,"column":27}},"47":{"start":{"line":76,"column":4},"end":{"line":76,"column":37}},"48":{"start":{"line":77,"column":4},"end":{"line":77,"column":50}},"49":{"start":{"line":78,"column":4},"end":{"line":78,"column":26}},"50":{"start":{"line":80,"column":4},"end":{"line":80,"column":54}},"51":{"start":{"line":82,"column":4},"end":{"line":88,"column":5}},"52":{"start":{"line":83,"column":6},"end":{"line":83,"column":56}},"53":{"start":{"line":84,"column":6},"end":{"line":87,"column":9}},"54":{"start":{"line":91,"column":2},"end":{"line":110,"column":5}},"55":{"start":{"line":92,"column":4},"end":{"line":92,"column":37}},"56":{"start":{"line":93,"column":4},"end":{"line":93,"column":49}},"57":{"start":{"line":94,"column":4},"end":{"line":94,"column":31}},"58":{"start":{"line":95,"column":4},"end":{"line":95,"column":39}},"59":{"start":{"line":96,"column":4},"end":{"line":96,"column":24}},"60":{"start":{"line":98,"column":4},"end":{"line":98,"column":27}},"61":{"start":{"line":99,"column":4},"end":{"line":99,"column":65}},"62":{"start":{"line":101,"column":4},"end":{"line":109,"column":5}},"63":{"start":{"line":102,"column":6},"end":{"line":102,"column":51}},"64":{"start":{"line":103,"column":6},"end":{"line":108,"column":7}},"65":{"start":{"line":104,"column":8},"end":{"line":104,"column":69}},"66":{"start":{"line":106,"column":8},"end":{"line":106,"column":42}},"67":{"start":{"line":107,"column":8},"end":{"line":107,"column":45}},"68":{"start":{"line":112,"column":2},"end":{"line":118,"column":5}},"69":{"start":{"line":113,"column":4},"end":{"line":113,"column":27}},"70":{"start":{"line":114,"column":4},"end":{"line":114,"column":21}},"71":{"start":{"line":115,"column":4},"end":{"line":115,"column":37}},"72":{"start":{"line":116,"column":4},"end":{"line":116,"column":46}},"73":{"start":{"line":117,"column":4},"end":{"line":117,"column":66}},"74":{"start":{"line":120,"column":2},"end":{"line":124,"column":5}},"75":{"start":{"line":121,"column":4},"end":{"line":121,"column":33}},"76":{"start":{"line":122,"column":4},"end":{"line":122,"column":24}},"77":{"start":{"line":123,"column":4},"end":{"line":123,"column":30}},"78":{"start":{"line":126,"column":2},"end":{"line":128,"column":5}},"79":{"start":{"line":127,"column":4},"end":{"line":127,"column":71}},"80":{"start":{"line":139,"column":0},"end":{"line":139,"column":41}}},"fnMap":{"0":{"name":"(anonymous_0)","decl":{"start":{"line":18,"column":21},"end":{"line":18,"column":22}},"loc":{"start":{"line":19,"column":0},"end":{"line":137,"column":1}},"line":19},"1":{"name":"(anonymous_1)","decl":{"start":{"line":40,"column":25},"end":{"line":40,"column":26}},"loc":{"start":{"line":40,"column":34},"end":{"line":42,"column":3}},"line":40},"2":{"name":"(anonymous_2)","decl":{"start":{"line":44,"column":26},"end":{"line":44,"column":27}},"loc":{"start":{"line":44,"column":41},"end":{"line":52,"column":3}},"line":44},"3":{"name":"(anonymous_3)","decl":{"start":{"line":54,"column":24},"end":{"line":54,"column":25}},"loc":{"start":{"line":54,"column":39},"end":{"line":62,"column":3}},"line":54},"4":{"name":"(anonymous_4)","decl":{"start":{"line":64,"column":26},"end":{"line":64,"column":27}},"loc":{"start":{"line":65,"column":2},"end":{"line":70,"column":3}},"line":65},"5":{"name":"(anonymous_5)","decl":{"start":{"line":72,"column":27},"end":{"line":72,"column":28}},"loc":{"start":{"line":72,"column":51},"end":{"line":89,"column":3}},"line":72},"6":{"name":"(anonymous_6)","decl":{"start":{"line":91,"column":24},"end":{"line":91,"column":25}},"loc":{"start":{"line":91,"column":58},"end":{"line":110,"column":3}},"line":91},"7":{"name":"(anonymous_7)","decl":{"start":{"line":112,"column":28},"end":{"line":112,"column":29}},"loc":{"start":{"line":112,"column":37},"end":{"line":118,"column":3}},"line":112},"8":{"name":"(anonymous_8)","decl":{"start":{"line":120,"column":23},"end":{"line":120,"column":24}},"loc":{"start":{"line":120,"column":32},"end":{"line":124,"column":3}},"line":120},"9":{"name":"(anonymous_9)","decl":{"start":{"line":126,"column":25},"end":{"line":126,"column":26}},"loc":{"start":{"line":126,"column":39},"end":{"line":128,"column":3}},"line":126}},"branchMap":{"0":{"loc":{"start":{"line":24,"column":2},"end":{"line":31,"column":3}},"type":"if","locations":[{"start":{"line":24,"column":2},"end":{"line":31,"column":3}},{"start":{"line":27,"column":9},"end":{"line":31,"column":3}}],"line":24},"1":{"loc":{"start":{"line":24,"column":6},"end":{"line":24,"column":36}},"type":"binary-expr","locations":[{"start":{"line":24,"column":6},"end":{"line":24,"column":12}},{"start":{"line":24,"column":16},"end":{"line":24,"column":36}}],"line":24},"2":{"loc":{"start":{"line":82,"column":4},"end":{"line":88,"column":5}},"type":"if","locations":[{"start":{"line":82,"column":4},"end":{"line":88,"column":5}},{"start":{},"end":{}}],"line":82},"3":{"loc":{"start":{"line":101,"column":4},"end":{"line":109,"column":5}},"type":"if","locations":[{"start":{"line":101,"column":4},"end":{"line":109,"column":5}},{"start":{},"end":{}}],"line":101},"4":{"loc":{"start":{"line":103,"column":6},"end":{"line":108,"column":7}},"type":"if","locations":[{"start":{"line":103,"column":6},"end":{"line":108,"column":7}},{"start":{"line":105,"column":13},"end":{"line":108,"column":7}}],"line":103}},"s":{"0":1,"1":1,"2":1,"3":1,"4":1,"5":1,"6":1,"7":1,"8":1,"9":1,"10":1,"11":1,"12":1,"13":2,"14":2,"15":2,"16":0,"17":0,"18":2,"19":2,"20":2,"21":2,"22":2,"23":2,"24":1,"25":1,"26":1,"27":1,"28":1,"29":1,"30":2,"31":1,"32":1,"33":1,"34":1,"35":1,"36":1,"37":1,"38":2,"39":1,"40":1,"41":1,"42":1,"43":2,"44":2,"45":2,"46":2,"47":2,"48":2,"49":2,"50":2,"51":2,"52":1,"53":1,"54":2,"55":2,"56":2,"57":2,"58":2,"59":2,"60":2,"61":2,"62":2,"63":2,"64":2,"65":1,"66":1,"67":1,"68":2,"69":1,"70":1,"71":1,"72":1,"73":1,"74":2,"75":1,"76":1,"77":1,"78":2,"79":0,"80":1},"f":{"0":2,"1":2,"2":1,"3":1,"4":1,"5":2,"6":2,"7":1,"8":1,"9":0},"b":{"0":[0,2],"1":[2,0],"2":[1,1],"3":[2,0],"4":[1,1]},"_coverageSchema":"1a1c01bbd47fc00a2c39e90264f33305004495a9","hash":"ff2ae539e3bbb56f2259e0ff8872f40b3e10a7c5"}
,"/home/jxffxjxke/northcoders/projects/PictureMe-BE/utils/class.js": {"path":"/home/jxffxjxke/northcoders/projects/PictureMe-BE/utils/class.js","statementMap":{"0":{"start":{"line":1,"column":22},"end":{"line":1,"column":40}},"1":{"start":{"line":5,"column":4},"end":{"line":5,"column":25}},"2":{"start":{"line":6,"column":4},"end":{"line":6,"column":21}},"3":{"start":{"line":7,"column":4},"end":{"line":7,"column":24}},"4":{"start":{"line":10,"column":4},"end":{"line":10,"column":26}},"5":{"start":{"line":13,"column":20},"end":{"line":13,"column":30}},"6":{"start":{"line":14,"column":17},"end":{"line":14,"column":34}},"7":{"start":{"line":15,"column":4},"end":{"line":15,"column":21}},"8":{"start":{"line":16,"column":4},"end":{"line":16,"column":29}},"9":{"start":{"line":22,"column":4},"end":{"line":24,"column":7}},"10":{"start":{"line":23,"column":6},"end":{"line":23,"column":76}},"11":{"start":{"line":25,"column":4},"end":{"line":25,"column":21}},"12":{"start":{"line":26,"column":4},"end":{"line":26,"column":26}},"13":{"start":{"line":29,"column":4},"end":{"line":29,"column":62}},"14":{"start":{"line":32,"column":4},"end":{"line":32,"column":24}},"15":{"start":{"line":35,"column":4},"end":{"line":39,"column":7}},"16":{"start":{"line":36,"column":6},"end":{"line":38,"column":7}},"17":{"start":{"line":37,"column":8},"end":{"line":37,"column":30}},"18":{"start":{"line":45,"column":4},"end":{"line":45,"column":35}},"19":{"start":{"line":47,"column":4},"end":{"line":47,"column":26}},"20":{"start":{"line":48,"column":4},"end":{"line":48,"column":29}},"21":{"start":{"line":49,"column":4},"end":{"line":49,"column":26}},"22":{"start":{"line":52,"column":4},"end":{"line":52,"column":52}},"23":{"start":{"line":55,"column":4},"end":{"line":55,"column":92}},"24":{"start":{"line":56,"column":4},"end":{"line":56,"column":29}},"25":{"start":{"line":59,"column":4},"end":{"line":59,"column":30}},"26":{"start":{"line":62,"column":4},"end":{"line":67,"column":5}},"27":{"start":{"line":63,"column":6},"end":{"line":63,"column":47}},"28":{"start":{"line":64,"column":6},"end":{"line":64,"column":35}},"29":{"start":{"line":66,"column":6},"end":{"line":66,"column":36}},"30":{"start":{"line":70,"column":4},"end":{"line":81,"column":5}},"31":{"start":{"line":71,"column":6},"end":{"line":71,"column":47}},"32":{"start":{"line":72,"column":6},"end":{"line":72,"column":31}},"33":{"start":{"line":85,"column":0},"end":{"line":85,"column":39}}},"fnMap":{"0":{"name":"(anonymous_0)","decl":{"start":{"line":4,"column":2},"end":{"line":4,"column":3}},"loc":{"start":{"line":4,"column":28},"end":{"line":8,"column":3}},"line":4},"1":{"name":"(anonymous_1)","decl":{"start":{"line":9,"column":2},"end":{"line":9,"column":3}},"loc":{"start":{"line":9,"column":16},"end":{"line":11,"column":3}},"line":9},"2":{"name":"(anonymous_2)","decl":{"start":{"line":12,"column":2},"end":{"line":12,"column":3}},"loc":{"start":{"line":12,"column":16},"end":{"line":17,"column":3}},"line":12},"3":{"name":"(anonymous_3)","decl":{"start":{"line":21,"column":2},"end":{"line":21,"column":3}},"loc":{"start":{"line":21,"column":23},"end":{"line":27,"column":3}},"line":21},"4":{"name":"(anonymous_4)","decl":{"start":{"line":22,"column":31},"end":{"line":22,"column":32}},"loc":{"start":{"line":22,"column":43},"end":{"line":24,"column":5}},"line":22},"5":{"name":"(anonymous_5)","decl":{"start":{"line":28,"column":2},"end":{"line":28,"column":3}},"loc":{"start":{"line":28,"column":31},"end":{"line":30,"column":3}},"line":28},"6":{"name":"(anonymous_6)","decl":{"start":{"line":31,"column":2},"end":{"line":31,"column":3}},"loc":{"start":{"line":31,"column":14},"end":{"line":33,"column":3}},"line":31},"7":{"name":"(anonymous_7)","decl":{"start":{"line":34,"column":2},"end":{"line":34,"column":3}},"loc":{"start":{"line":34,"column":33},"end":{"line":40,"column":3}},"line":34},"8":{"name":"(anonymous_8)","decl":{"start":{"line":35,"column":25},"end":{"line":35,"column":26}},"loc":{"start":{"line":35,"column":37},"end":{"line":39,"column":5}},"line":35},"9":{"name":"(anonymous_9)","decl":{"start":{"line":44,"column":2},"end":{"line":44,"column":3}},"loc":{"start":{"line":44,"column":26},"end":{"line":50,"column":3}},"line":44},"10":{"name":"(anonymous_10)","decl":{"start":{"line":51,"column":2},"end":{"line":51,"column":3}},"loc":{"start":{"line":51,"column":20},"end":{"line":53,"column":3}},"line":51},"11":{"name":"(anonymous_11)","decl":{"start":{"line":54,"column":2},"end":{"line":54,"column":3}},"loc":{"start":{"line":54,"column":26},"end":{"line":57,"column":3}},"line":54},"12":{"name":"(anonymous_12)","decl":{"start":{"line":58,"column":2},"end":{"line":58,"column":3}},"loc":{"start":{"line":58,"column":12},"end":{"line":60,"column":3}},"line":58},"13":{"name":"(anonymous_13)","decl":{"start":{"line":61,"column":2},"end":{"line":61,"column":3}},"loc":{"start":{"line":61,"column":21},"end":{"line":68,"column":3}},"line":61},"14":{"name":"(anonymous_14)","decl":{"start":{"line":69,"column":2},"end":{"line":69,"column":3}},"loc":{"start":{"line":69,"column":13},"end":{"line":82,"column":3}},"line":69}},"branchMap":{"0":{"loc":{"start":{"line":36,"column":6},"end":{"line":38,"column":7}},"type":"if","locations":[{"start":{"line":36,"column":6},"end":{"line":38,"column":7}},{"start":{},"end":{}}],"line":36},"1":{"loc":{"start":{"line":62,"column":4},"end":{"line":67,"column":5}},"type":"if","locations":[{"start":{"line":62,"column":4},"end":{"line":67,"column":5}},{"start":{"line":65,"column":11},"end":{"line":67,"column":5}}],"line":62},"2":{"loc":{"start":{"line":70,"column":4},"end":{"line":81,"column":5}},"type":"if","locations":[{"start":{"line":70,"column":4},"end":{"line":81,"column":5}},{"start":{},"end":{}}],"line":70}},"s":{"0":1,"1":1,"2":1,"3":1,"4":1,"5":1,"6":1,"7":1,"8":1,"9":1,"10":2,"11":1,"12":1,"13":2,"14":1,"15":2,"16":4,"17":2,"18":2,"19":2,"20":2,"21":2,"22":2,"23":2,"24":2,"25":2,"26":2,"27":1,"28":1,"29":1,"30":1,"31":0,"32":0,"33":1},"f":{"0":1,"1":1,"2":1,"3":1,"4":2,"5":2,"6":1,"7":2,"8":4,"9":2,"10":2,"11":2,"12":2,"13":2,"14":1},"b":{"0":[2,2],"1":[1,1],"2":[0,1]},"_coverageSchema":"1a1c01bbd47fc00a2c39e90264f33305004495a9","hash":"7ed08a134b3f29835685a179e476b6dbb4ce0caf"}
,"/home/jxffxjxke/northcoders/projects/PictureMe-BE/utils/utils.js": {"path":"/home/jxffxjxke/northcoders/projects/PictureMe-BE/utils/utils.js","statementMap":{"0":{"start":{"line":1,"column":16},"end":{"line":1,"column":34}},"1":{"start":{"line":3,"column":14},"end":{"line":49,"column":1}},"2":{"start":{"line":51,"column":0},"end":{"line":53,"column":2}},"3":{"start":{"line":52,"column":2},"end":{"line":52,"column":28}},"4":{"start":{"line":55,"column":0},"end":{"line":57,"column":2}},"5":{"start":{"line":56,"column":2},"end":{"line":56,"column":44}},"6":{"start":{"line":59,"column":0},"end":{"line":61,"column":1}},"7":{"start":{"line":60,"column":2},"end":{"line":60,"column":49}}},"fnMap":{"0":{"name":"(anonymous_0)","decl":{"start":{"line":51,"column":21},"end":{"line":51,"column":22}},"loc":{"start":{"line":51,"column":27},"end":{"line":53,"column":1}},"line":51},"1":{"name":"(anonymous_1)","decl":{"start":{"line":55,"column":22},"end":{"line":55,"column":23}},"loc":{"start":{"line":55,"column":34},"end":{"line":57,"column":1}},"line":55},"2":{"name":"(anonymous_2)","decl":{"start":{"line":59,"column":21},"end":{"line":59,"column":22}},"loc":{"start":{"line":59,"column":27},"end":{"line":61,"column":1}},"line":59}},"branchMap":{},"s":{"0":1,"1":1,"2":1,"3":3,"4":1,"5":4,"6":1,"7":2},"f":{"0":3,"1":4,"2":2},"b":{},"_coverageSchema":"1a1c01bbd47fc00a2c39e90264f33305004495a9","hash":"2b76de2356bcf2f34d0716c8dd7ee4cca7f65d08"}
}
