TN:
SF:app.js
FN:19,(anonymous_0)
FN:40,(anonymous_1)
FN:48,(anonymous_2)
FN:61,(anonymous_3)
FN:76,(anonymous_4)
FN:87,(anonymous_5)
FN:110,(anonymous_6)
FN:135,(anonymous_7)
FN:147,(anonymous_8)
FN:157,(anonymous_9)
FN:161,(anonymous_10)
FN:165,(anonymous_11)
FNF:12
FNH:11
FNDA:2,(anonymous_0)
FNDA:2,(anonymous_1)
FNDA:1,(anonymous_2)
FNDA:1,(anonymous_3)
FNDA:1,(anonymous_4)
FNDA:2,(anonymous_5)
FNDA:2,(anonymous_6)
FNDA:1,(anonymous_7)
FNDA:1,(anonymous_8)
FNDA:0,(anonymous_9)
FNDA:11,(anonymous_10)
FNDA:21,(anonymous_11)
DA:1,1
DA:2,1
DA:3,1
DA:4,1
DA:5,1
DA:6,1
DA:7,1
DA:9,1
DA:11,1
DA:12,1
DA:16,1
DA:17,1
DA:19,1
DA:20,2
DA:22,2
DA:24,2
DA:25,0
DA:26,0
DA:28,2
DA:29,2
DA:30,2
DA:40,2
DA:41,2
DA:42,2
DA:44,0
DA:48,2
DA:49,1
DA:50,1
DA:51,1
DA:52,1
DA:53,1
DA:54,1
DA:55,1
DA:57,0
DA:61,2
DA:62,1
DA:63,1
DA:64,1
DA:65,1
DA:66,1
DA:67,1
DA:68,1
DA:69,1
DA:70,1
DA:72,0
DA:76,2
DA:77,1
DA:78,1
DA:80,0
DA:82,1
DA:83,1
DA:84,1
DA:87,2
DA:88,2
DA:89,2
DA:90,2
DA:91,2
DA:92,2
DA:93,2
DA:94,2
DA:96,0
DA:99,2
DA:101,2
DA:102,1
DA:103,1
DA:110,2
DA:111,2
DA:112,2
DA:113,2
DA:114,2
DA:115,2
DA:116,2
DA:118,0
DA:121,2
DA:122,2
DA:124,2
DA:125,2
DA:126,2
DA:127,1
DA:129,1
DA:130,1
DA:135,2
DA:136,1
DA:137,1
DA:139,0
DA:141,1
DA:142,1
DA:143,1
DA:144,1
DA:147,2
DA:148,1
DA:149,1
DA:151,0
DA:153,1
DA:154,1
DA:157,2
DA:158,0
DA:161,2
DA:162,11
DA:165,2
DA:166,21
DA:170,1
LF:102
LH:91
BRDA:24,0,0,0
BRDA:24,0,1,2
BRDA:24,1,0,2
BRDA:24,1,1,0
BRDA:41,2,0,2
BRDA:41,2,1,0
BRDA:54,3,0,1
BRDA:54,3,1,0
BRDA:69,4,0,1
BRDA:69,4,1,0
BRDA:77,5,0,1
BRDA:77,5,1,0
BRDA:93,6,0,2
BRDA:93,6,1,0
BRDA:101,7,0,1
BRDA:101,7,1,1
BRDA:115,8,0,2
BRDA:115,8,1,0
BRDA:124,9,0,2
BRDA:124,9,1,0
BRDA:126,10,0,1
BRDA:126,10,1,1
BRDA:136,11,0,1
BRDA:136,11,1,0
BRDA:148,12,0,1
BRDA:148,12,1,0
BRF:26
BRH:15
end_of_record
TN:
SF:utils/class.js
FN:4,(anonymous_0)
FN:9,(anonymous_1)
FN:12,(anonymous_2)
FN:21,(anonymous_3)
FN:22,(anonymous_4)
FN:28,(anonymous_5)
FN:31,(anonymous_6)
FN:34,(anonymous_7)
FN:35,(anonymous_8)
FN:44,(anonymous_9)
FN:51,(anonymous_10)
FN:54,(anonymous_11)
FN:58,(anonymous_12)
FN:61,(anonymous_13)
FN:69,(anonymous_14)
FNF:15
FNH:15
FNDA:1,(anonymous_0)
FNDA:1,(anonymous_1)
FNDA:1,(anonymous_2)
FNDA:1,(anonymous_3)
FNDA:2,(anonymous_4)
FNDA:2,(anonymous_5)
FNDA:1,(anonymous_6)
FNDA:2,(anonymous_7)
FNDA:4,(anonymous_8)
FNDA:2,(anonymous_9)
FNDA:2,(anonymous_10)
FNDA:2,(anonymous_11)
FNDA:2,(anonymous_12)
FNDA:2,(anonymous_13)
FNDA:1,(anonymous_14)
DA:1,1
DA:5,1
DA:6,1
DA:7,1
DA:10,1
DA:13,1
DA:14,1
DA:15,1
DA:16,1
DA:22,1
DA:23,2
DA:25,1
DA:26,1
DA:29,2
DA:32,1
DA:35,2
DA:36,4
DA:37,2
DA:45,2
DA:47,2
DA:48,2
DA:49,2
DA:52,2
DA:55,2
DA:56,2
DA:59,2
DA:62,2
DA:63,1
DA:64,1
DA:66,1
DA:70,1
DA:71,0
DA:72,0
DA:85,1
LF:34
LH:32
BRDA:36,0,0,2
BRDA:36,0,1,2
BRDA:62,1,0,1
BRDA:62,1,1,1
BRDA:70,2,0,0
BRDA:70,2,1,1
BRF:6
BRH:5
end_of_record
TN:
SF:utils/utils.js
FN:51,(anonymous_0)
FN:55,(anonymous_1)
FN:59,(anonymous_2)
FNF:3
FNH:3
FNDA:3,(anonymous_0)
FNDA:4,(anonymous_1)
FNDA:2,(anonymous_2)
DA:1,1
DA:3,1
DA:51,1
DA:52,3
DA:55,1
DA:56,4
DA:59,1
DA:60,2
LF:8
LH:8
BRF:0
BRH:0
end_of_record
