TN:
SF:app.js
FN:19,(anonymous_0)
FN:40,(anonymous_1)
FN:48,(anonymous_2)
FN:61,(anonymous_3)
FN:75,(anonymous_4)
FN:86,(anonymous_5)
FN:109,(anonymous_6)
FN:134,(anonymous_7)
FN:146,(anonymous_8)
FN:156,(anonymous_9)
FNF:10
FNH:9
FNDA:2,(anonymous_0)
FNDA:2,(anonymous_1)
FNDA:1,(anonymous_2)
FNDA:1,(anonymous_3)
FNDA:1,(anonymous_4)
FNDA:2,(anonymous_5)
FNDA:2,(anonymous_6)
FNDA:1,(anonymous_7)
FNDA:1,(anonymous_8)
FNDA:0,(anonymous_9)
DA:1,1
DA:2,1
DA:3,1
DA:4,1
DA:5,1
DA:6,1
DA:7,1
DA:9,1
DA:11,1
DA:12,1
DA:16,1
DA:17,1
DA:19,1
DA:20,2
DA:22,2
DA:24,2
DA:25,0
DA:26,0
DA:28,2
DA:29,2
DA:30,2
DA:40,2
DA:41,2
DA:42,2
DA:44,0
DA:48,2
DA:49,1
DA:50,1
DA:51,1
DA:52,1
DA:53,1
DA:54,1
DA:55,1
DA:57,0
DA:61,2
DA:62,1
DA:63,1
DA:64,1
DA:65,1
DA:66,1
DA:67,1
DA:68,1
DA:69,1
DA:71,0
DA:75,2
DA:76,1
DA:77,1
DA:79,0
DA:81,1
DA:82,1
DA:83,1
DA:86,2
DA:87,2
DA:88,2
DA:89,2
DA:90,2
DA:91,2
DA:92,2
DA:93,2
DA:95,0
DA:98,2
DA:100,2
DA:101,1
DA:102,1
DA:109,2
DA:110,2
DA:111,2
DA:112,2
DA:113,2
DA:114,2
DA:115,2
DA:117,0
DA:120,2
DA:121,2
DA:123,2
DA:124,2
DA:125,2
DA:126,1
DA:128,1
DA:129,1
DA:134,2
DA:135,1
DA:136,1
DA:138,0
DA:140,1
DA:141,1
DA:142,1
DA:143,1
DA:146,2
DA:147,1
DA:148,1
DA:150,0
DA:152,1
DA:153,1
DA:156,2
DA:157,0
DA:169,1
LF:97
LH:86
BRDA:24,0,0,0
BRDA:24,0,1,2
BRDA:24,1,0,2
BRDA:24,1,1,0
BRDA:41,2,0,2
BRDA:41,2,1,0
BRDA:54,3,0,1
BRDA:54,3,1,0
BRDA:68,4,0,1
BRDA:68,4,1,0
BRDA:76,5,0,1
BRDA:76,5,1,0
BRDA:92,6,0,2
BRDA:92,6,1,0
BRDA:100,7,0,1
BRDA:100,7,1,1
BRDA:114,8,0,2
BRDA:114,8,1,0
BRDA:123,9,0,2
BRDA:123,9,1,0
BRDA:125,10,0,1
BRDA:125,10,1,1
BRDA:135,11,0,1
BRDA:135,11,1,0
BRDA:147,12,0,1
BRDA:147,12,1,0
BRF:26
BRH:15
end_of_record
TN:
SF:utils/class.js
FN:4,(anonymous_0)
FN:9,(anonymous_1)
FN:12,(anonymous_2)
FN:21,(anonymous_3)
FN:22,(anonymous_4)
FN:28,(anonymous_5)
FN:31,(anonymous_6)
FN:34,(anonymous_7)
FN:35,(anonymous_8)
FN:44,(anonymous_9)
FN:51,(anonymous_10)
FN:54,(anonymous_11)
FN:64,(anonymous_12)
FN:67,(anonymous_13)
FN:75,(anonymous_14)
FNF:15
FNH:15
FNDA:1,(anonymous_0)
FNDA:1,(anonymous_1)
FNDA:1,(anonymous_2)
FNDA:1,(anonymous_3)
FNDA:2,(anonymous_4)
FNDA:2,(anonymous_5)
FNDA:1,(anonymous_6)
FNDA:2,(anonymous_7)
FNDA:4,(anonymous_8)
FNDA:2,(anonymous_9)
FNDA:2,(anonymous_10)
FNDA:2,(anonymous_11)
FNDA:2,(anonymous_12)
FNDA:2,(anonymous_13)
FNDA:1,(anonymous_14)
DA:1,1
DA:5,1
DA:6,1
DA:7,1
DA:10,1
DA:13,1
DA:14,1
DA:15,1
DA:16,1
DA:22,1
DA:23,2
DA:25,1
DA:26,1
DA:29,2
DA:32,1
DA:35,2
DA:36,4
DA:37,2
DA:45,2
DA:47,2
DA:48,2
DA:49,2
DA:52,2
DA:55,2
DA:56,0
DA:59,2
DA:60,2
DA:61,2
DA:65,2
DA:68,2
DA:69,1
DA:70,1
DA:72,1
DA:76,1
DA:77,0
DA:78,0
DA:91,1
LF:37
LH:34
BRDA:36,0,0,2
BRDA:36,0,1,2
BRDA:55,1,0,0
BRDA:55,1,1,2
BRDA:68,2,0,1
BRDA:68,2,1,1
BRDA:76,3,0,0
BRDA:76,3,1,1
BRF:8
BRH:6
end_of_record
TN:
SF:utils/utils.js
FN:51,(anonymous_0)
FN:55,(anonymous_1)
FN:59,(anonymous_2)
FNF:3
FNH:3
FNDA:3,(anonymous_0)
FNDA:2,(anonymous_1)
FNDA:2,(anonymous_2)
DA:1,1
DA:3,1
DA:51,1
DA:52,3
DA:55,1
DA:56,2
DA:59,1
DA:60,2
LF:8
LH:8
BRF:0
BRH:0
end_of_record
